{"context":"NestFactory","level":"info","message":"Starting Nest application...","timestamp":"2025-08-09T09:18:21.683Z"}
{"context":"InstanceLoader","level":"info","message":"AppModule dependencies initialized","timestamp":"2025-08-09T09:18:21.683Z"}
{"context":"InstanceLoader","level":"info","message":"TypeOrmModule dependencies initialized","timestamp":"2025-08-09T09:18:21.684Z"}
{"context":"InstanceLoader","level":"info","message":"LoggerModule dependencies initialized","timestamp":"2025-08-09T09:18:21.684Z"}
{"context":"InstanceLoader","level":"info","message":"PassportModule dependencies initialized","timestamp":"2025-08-09T09:18:21.684Z"}
{"context":"InstanceLoader","level":"info","message":"ConfigHostModule dependencies initialized","timestamp":"2025-08-09T09:18:21.684Z"}
{"context":"InstanceLoader","level":"info","message":"WinstonModule dependencies initialized","timestamp":"2025-08-09T09:18:21.684Z"}
{"context":"InstanceLoader","level":"info","message":"ConfigModule dependencies initialized","timestamp":"2025-08-09T09:18:21.685Z"}
{"context":"InstanceLoader","level":"info","message":"ConfigModule dependencies initialized","timestamp":"2025-08-09T09:18:21.685Z"}
{"context":"InstanceLoader","level":"info","message":"MailModule dependencies initialized","timestamp":"2025-08-09T09:18:21.685Z"}
{"context":"InstanceLoader","level":"info","message":"JwtModule dependencies initialized","timestamp":"2025-08-09T09:18:21.685Z"}
{"context":"InstanceLoader","level":"info","message":"TypeOrmCoreModule dependencies initialized","timestamp":"2025-08-09T09:18:21.685Z"}
{"context":"InstanceLoader","level":"info","message":"TypeOrmModule dependencies initialized","timestamp":"2025-08-09T09:18:21.686Z"}
{"context":"InstanceLoader","level":"info","message":"TypeOrmModule dependencies initialized","timestamp":"2025-08-09T09:18:21.686Z"}
{"context":"InstanceLoader","level":"info","message":"TypeOrmModule dependencies initialized","timestamp":"2025-08-09T09:18:21.686Z"}
{"context":"InstanceLoader","level":"info","message":"TypeOrmModule dependencies initialized","timestamp":"2025-08-09T09:18:21.686Z"}
{"context":"InstanceLoader","level":"info","message":"TypeOrmModule dependencies initialized","timestamp":"2025-08-09T09:18:21.686Z"}
{"context":"InstanceLoader","level":"info","message":"TypeOrmModule dependencies initialized","timestamp":"2025-08-09T09:18:21.686Z"}
{"context":"InstanceLoader","level":"info","message":"TypeOrmModule dependencies initialized","timestamp":"2025-08-09T09:18:21.686Z"}
{"context":"InstanceLoader","level":"info","message":"TypeOrmModule dependencies initialized","timestamp":"2025-08-09T09:18:21.686Z"}
{"context":"InstanceLoader","level":"info","message":"TypeOrmModule dependencies initialized","timestamp":"2025-08-09T09:18:21.686Z"}
{"context":"InstanceLoader","level":"info","message":"TypeOrmModule dependencies initialized","timestamp":"2025-08-09T09:18:21.686Z"}
{"context":"InstanceLoader","level":"info","message":"TypeOrmModule dependencies initialized","timestamp":"2025-08-09T09:18:21.686Z"}
{"context":"InstanceLoader","level":"info","message":"TypeOrmModule dependencies initialized","timestamp":"2025-08-09T09:18:21.687Z"}
{"context":"InstanceLoader","level":"info","message":"TypeOrmModule dependencies initialized","timestamp":"2025-08-09T09:18:21.687Z"}
{"context":"InstanceLoader","level":"info","message":"TypeOrmModule dependencies initialized","timestamp":"2025-08-09T09:18:21.687Z"}
{"context":"InstanceLoader","level":"info","message":"CountriesModule dependencies initialized","timestamp":"2025-08-09T09:18:21.687Z"}
{"context":"InstanceLoader","level":"info","message":"DistrictsModule dependencies initialized","timestamp":"2025-08-09T09:18:21.687Z"}
{"context":"InstanceLoader","level":"info","message":"RegionsModule dependencies initialized","timestamp":"2025-08-09T09:18:21.687Z"}
{"context":"InstanceLoader","level":"info","message":"AddressModule dependencies initialized","timestamp":"2025-08-09T09:18:21.687Z"}
{"context":"InstanceLoader","level":"info","message":"CompaniesModule dependencies initialized","timestamp":"2025-08-09T09:18:21.687Z"}
{"context":"InstanceLoader","level":"info","message":"VehiclesModule dependencies initialized","timestamp":"2025-08-09T09:18:21.687Z"}
{"context":"InstanceLoader","level":"info","message":"RoutesModule dependencies initialized","timestamp":"2025-08-09T09:18:21.687Z"}
{"context":"InstanceLoader","level":"info","message":"OrdersModule dependencies initialized","timestamp":"2025-08-09T09:18:21.687Z"}
{"context":"InstanceLoader","level":"info","message":"PaymentsModule dependencies initialized","timestamp":"2025-08-09T09:18:21.687Z"}
{"context":"InstanceLoader","level":"info","message":"ProductsModule dependencies initialized","timestamp":"2025-08-09T09:18:21.687Z"}
{"context":"InstanceLoader","level":"info","message":"RolesModule dependencies initialized","timestamp":"2025-08-09T09:18:21.687Z"}
{"context":"InstanceLoader","level":"info","message":"BuildingModule dependencies initialized","timestamp":"2025-08-09T09:18:21.688Z"}
{"context":"InstanceLoader","level":"info","message":"EmployeesModule dependencies initialized","timestamp":"2025-08-09T09:18:21.688Z"}
{"context":"InstanceLoader","level":"info","message":"UsersModule dependencies initialized","timestamp":"2025-08-09T09:18:21.688Z"}
{"context":"InstanceLoader","level":"info","message":"AuthModule dependencies initialized","timestamp":"2025-08-09T09:18:21.688Z"}
{"context":"RoutesResolver","level":"info","message":"UsersController {/api/users}:","timestamp":"2025-08-09T09:18:21.688Z"}
{"context":"RouterExplorer","level":"info","message":"Mapped {/api/users, GET} route","timestamp":"2025-08-09T09:18:21.688Z"}
{"context":"RouterExplorer","level":"info","message":"Mapped {/api/users/:id, GET} route","timestamp":"2025-08-09T09:18:21.688Z"}
{"context":"RouterExplorer","level":"info","message":"Mapped {/api/users/:id, PATCH} route","timestamp":"2025-08-09T09:18:21.688Z"}
{"context":"RouterExplorer","level":"info","message":"Mapped {/api/users/:id, DELETE} route","timestamp":"2025-08-09T09:18:21.688Z"}
{"context":"RoutesResolver","level":"info","message":"RolesController {/api/roles}:","timestamp":"2025-08-09T09:18:21.688Z"}
{"context":"RouterExplorer","level":"info","message":"Mapped {/api/roles, POST} route","timestamp":"2025-08-09T09:18:21.688Z"}
{"context":"RouterExplorer","level":"info","message":"Mapped {/api/roles, GET} route","timestamp":"2025-08-09T09:18:21.688Z"}
{"context":"RouterExplorer","level":"info","message":"Mapped {/api/roles/:id, GET} route","timestamp":"2025-08-09T09:18:21.688Z"}
{"context":"RouterExplorer","level":"info","message":"Mapped {/api/roles/:id, PATCH} route","timestamp":"2025-08-09T09:18:21.688Z"}
{"context":"RouterExplorer","level":"info","message":"Mapped {/api/roles/:id, DELETE} route","timestamp":"2025-08-09T09:18:21.689Z"}
{"context":"RouterExplorer","level":"info","message":"Mapped {/api/roles/filter/name/:name, GET} route","timestamp":"2025-08-09T09:18:21.689Z"}
{"context":"RoutesResolver","level":"info","message":"AuthController {/api/auth}:","timestamp":"2025-08-09T09:18:21.689Z"}
{"context":"RouterExplorer","level":"info","message":"Mapped {/api/auth/register, POST} route","timestamp":"2025-08-09T09:18:21.689Z"}
{"context":"RouterExplorer","level":"info","message":"Mapped {/api/auth/login, POST} route","timestamp":"2025-08-09T09:18:21.689Z"}
{"context":"RouterExplorer","level":"info","message":"Mapped {/api/auth/logout, POST} route","timestamp":"2025-08-09T09:18:21.689Z"}
{"context":"RouterExplorer","level":"info","message":"Mapped {/api/auth/refresh, POST} route","timestamp":"2025-08-09T09:18:21.689Z"}
{"context":"RouterExplorer","level":"info","message":"Mapped {/api/auth/change-password, POST} route","timestamp":"2025-08-09T09:18:21.689Z"}
{"context":"RouterExplorer","level":"info","message":"Mapped {/api/auth/forgot-password, POST} route","timestamp":"2025-08-09T09:18:21.689Z"}
{"context":"RouterExplorer","level":"info","message":"Mapped {/api/auth/reset-password/:token, POST} route","timestamp":"2025-08-09T09:18:21.689Z"}
{"context":"RoutesResolver","level":"info","message":"CountriesController {/api/countries}:","timestamp":"2025-08-09T09:18:21.689Z"}
{"context":"RouterExplorer","level":"info","message":"Mapped {/api/countries, POST} route","timestamp":"2025-08-09T09:18:21.689Z"}
{"context":"RouterExplorer","level":"info","message":"Mapped {/api/countries, GET} route","timestamp":"2025-08-09T09:18:21.689Z"}
{"context":"RouterExplorer","level":"info","message":"Mapped {/api/countries/:id, GET} route","timestamp":"2025-08-09T09:18:21.689Z"}
{"context":"RouterExplorer","level":"info","message":"Mapped {/api/countries/:id, PATCH} route","timestamp":"2025-08-09T09:18:21.690Z"}
{"context":"RouterExplorer","level":"info","message":"Mapped {/api/countries/:id, DELETE} route","timestamp":"2025-08-09T09:18:21.690Z"}
{"context":"RoutesResolver","level":"info","message":"DistrictsController {/api/districts}:","timestamp":"2025-08-09T09:18:21.690Z"}
{"context":"RouterExplorer","level":"info","message":"Mapped {/api/districts, POST} route","timestamp":"2025-08-09T09:18:21.690Z"}
{"context":"RouterExplorer","level":"info","message":"Mapped {/api/districts, GET} route","timestamp":"2025-08-09T09:18:21.690Z"}
{"context":"RouterExplorer","level":"info","message":"Mapped {/api/districts/:id, GET} route","timestamp":"2025-08-09T09:18:21.690Z"}
{"context":"RouterExplorer","level":"info","message":"Mapped {/api/districts/:id, PATCH} route","timestamp":"2025-08-09T09:18:21.690Z"}
{"context":"RouterExplorer","level":"info","message":"Mapped {/api/districts/:id, DELETE} route","timestamp":"2025-08-09T09:18:21.690Z"}
{"context":"RoutesResolver","level":"info","message":"RegionsController {/api/regions}:","timestamp":"2025-08-09T09:18:21.690Z"}
{"context":"RouterExplorer","level":"info","message":"Mapped {/api/regions, POST} route","timestamp":"2025-08-09T09:18:21.690Z"}
{"context":"RouterExplorer","level":"info","message":"Mapped {/api/regions, GET} route","timestamp":"2025-08-09T09:18:21.690Z"}
{"context":"RouterExplorer","level":"info","message":"Mapped {/api/regions/:id, GET} route","timestamp":"2025-08-09T09:18:21.690Z"}
{"context":"RouterExplorer","level":"info","message":"Mapped {/api/regions/:id, PATCH} route","timestamp":"2025-08-09T09:18:21.690Z"}
{"context":"RouterExplorer","level":"info","message":"Mapped {/api/regions/:id, DELETE} route","timestamp":"2025-08-09T09:18:21.691Z"}
{"context":"RoutesResolver","level":"info","message":"AddressesController {/api/address}:","timestamp":"2025-08-09T09:18:21.691Z"}
{"context":"RouterExplorer","level":"info","message":"Mapped {/api/address, POST} route","timestamp":"2025-08-09T09:18:21.691Z"}
{"context":"RouterExplorer","level":"info","message":"Mapped {/api/address, GET} route","timestamp":"2025-08-09T09:18:21.691Z"}
{"context":"RouterExplorer","level":"info","message":"Mapped {/api/address/:id, GET} route","timestamp":"2025-08-09T09:18:21.691Z"}
{"context":"RouterExplorer","level":"info","message":"Mapped {/api/address/:id, PATCH} route","timestamp":"2025-08-09T09:18:21.691Z"}
{"context":"RouterExplorer","level":"info","message":"Mapped {/api/address/:id, DELETE} route","timestamp":"2025-08-09T09:18:21.691Z"}
{"context":"RoutesResolver","level":"info","message":"CompaniesController {/api/companies}:","timestamp":"2025-08-09T09:18:21.691Z"}
{"context":"RouterExplorer","level":"info","message":"Mapped {/api/companies, POST} route","timestamp":"2025-08-09T09:18:21.691Z"}
{"context":"RouterExplorer","level":"info","message":"Mapped {/api/companies, GET} route","timestamp":"2025-08-09T09:18:21.691Z"}
{"context":"RouterExplorer","level":"info","message":"Mapped {/api/companies/:id, GET} route","timestamp":"2025-08-09T09:18:21.691Z"}
{"context":"RouterExplorer","level":"info","message":"Mapped {/api/companies/:id, PATCH} route","timestamp":"2025-08-09T09:18:21.691Z"}
{"context":"RouterExplorer","level":"info","message":"Mapped {/api/companies/:id, DELETE} route","timestamp":"2025-08-09T09:18:21.691Z"}
{"context":"RoutesResolver","level":"info","message":"BuildingsController {/api/buildings}:","timestamp":"2025-08-09T09:18:21.691Z"}
{"context":"RouterExplorer","level":"info","message":"Mapped {/api/buildings, POST} route","timestamp":"2025-08-09T09:18:21.692Z"}
{"context":"RouterExplorer","level":"info","message":"Mapped {/api/buildings, GET} route","timestamp":"2025-08-09T09:18:21.692Z"}
{"context":"RouterExplorer","level":"info","message":"Mapped {/api/buildings/:id, GET} route","timestamp":"2025-08-09T09:18:21.692Z"}
{"context":"RouterExplorer","level":"info","message":"Mapped {/api/buildings/:id, PATCH} route","timestamp":"2025-08-09T09:18:21.692Z"}
{"context":"RouterExplorer","level":"info","message":"Mapped {/api/buildings/:id, DELETE} route","timestamp":"2025-08-09T09:18:21.692Z"}
{"context":"RoutesResolver","level":"info","message":"EmployeesController {/api/employees}:","timestamp":"2025-08-09T09:18:21.692Z"}
{"context":"RouterExplorer","level":"info","message":"Mapped {/api/employees, POST} route","timestamp":"2025-08-09T09:18:21.692Z"}
{"context":"RouterExplorer","level":"info","message":"Mapped {/api/employees, GET} route","timestamp":"2025-08-09T09:18:21.692Z"}
{"context":"RouterExplorer","level":"info","message":"Mapped {/api/employees/:id, GET} route","timestamp":"2025-08-09T09:18:21.692Z"}
{"context":"RouterExplorer","level":"info","message":"Mapped {/api/employees/:id, PATCH} route","timestamp":"2025-08-09T09:18:21.692Z"}
{"context":"RouterExplorer","level":"info","message":"Mapped {/api/employees/:id, DELETE} route","timestamp":"2025-08-09T09:18:21.692Z"}
{"context":"RouterExplorer","level":"info","message":"Mapped {/api/employees/filter/company/:companyId, GET} route","timestamp":"2025-08-09T09:18:21.692Z"}
{"context":"RoutesResolver","level":"info","message":"VehiclesController {/api/vehicles}:","timestamp":"2025-08-09T09:18:21.692Z"}
{"context":"RouterExplorer","level":"info","message":"Mapped {/api/vehicles, POST} route","timestamp":"2025-08-09T09:18:21.692Z"}
{"context":"RouterExplorer","level":"info","message":"Mapped {/api/vehicles, GET} route","timestamp":"2025-08-09T09:18:21.693Z"}
{"context":"RouterExplorer","level":"info","message":"Mapped {/api/vehicles/:id, GET} route","timestamp":"2025-08-09T09:18:21.693Z"}
{"context":"RouterExplorer","level":"info","message":"Mapped {/api/vehicles/:id, PATCH} route","timestamp":"2025-08-09T09:18:21.693Z"}
{"context":"RouterExplorer","level":"info","message":"Mapped {/api/vehicles/:id, DELETE} route","timestamp":"2025-08-09T09:18:21.693Z"}
{"context":"RouterExplorer","level":"info","message":"Mapped {/api/vehicles/assign/:orderId, POST} route","timestamp":"2025-08-09T09:18:21.693Z"}
{"context":"RoutesResolver","level":"info","message":"RoutesController {/api/routes}:","timestamp":"2025-08-09T09:18:21.693Z"}
{"context":"RouterExplorer","level":"info","message":"Mapped {/api/routes, POST} route","timestamp":"2025-08-09T09:18:21.693Z"}
{"context":"RouterExplorer","level":"info","message":"Mapped {/api/routes, GET} route","timestamp":"2025-08-09T09:18:21.693Z"}
{"context":"RouterExplorer","level":"info","message":"Mapped {/api/routes/:id, GET} route","timestamp":"2025-08-09T09:18:21.693Z"}
{"context":"RouterExplorer","level":"info","message":"Mapped {/api/routes/:id, PATCH} route","timestamp":"2025-08-09T09:18:21.693Z"}
{"context":"RouterExplorer","level":"info","message":"Mapped {/api/routes/:id, DELETE} route","timestamp":"2025-08-09T09:18:21.693Z"}
{"context":"RouterExplorer","level":"info","message":"Mapped {/api/routes/:id/assign-orders, POST} route","timestamp":"2025-08-09T09:18:21.693Z"}
{"context":"RoutesResolver","level":"info","message":"OrdersController {/api/orders}:","timestamp":"2025-08-09T09:18:21.693Z"}
{"context":"RouterExplorer","level":"info","message":"Mapped {/api/orders, POST} route","timestamp":"2025-08-09T09:18:21.694Z"}
{"context":"RouterExplorer","level":"info","message":"Mapped {/api/orders, GET} route","timestamp":"2025-08-09T09:18:21.694Z"}
{"context":"RouterExplorer","level":"info","message":"Mapped {/api/orders/:id, GET} route","timestamp":"2025-08-09T09:18:21.694Z"}
{"context":"RouterExplorer","level":"info","message":"Mapped {/api/orders/:id, PATCH} route","timestamp":"2025-08-09T09:18:21.694Z"}
{"context":"RouterExplorer","level":"info","message":"Mapped {/api/orders/:id, DELETE} route","timestamp":"2025-08-09T09:18:21.694Z"}
{"context":"RouterExplorer","level":"info","message":"Mapped {/api/orders/:id/assign-products, POST} route","timestamp":"2025-08-09T09:18:21.694Z"}
{"context":"RoutesResolver","level":"info","message":"PaymentsController {/api/payments}:","timestamp":"2025-08-09T09:18:21.694Z"}
{"context":"RouterExplorer","level":"info","message":"Mapped {/api/payments, POST} route","timestamp":"2025-08-09T09:18:21.694Z"}
{"context":"RouterExplorer","level":"info","message":"Mapped {/api/payments, GET} route","timestamp":"2025-08-09T09:18:21.694Z"}
{"context":"RouterExplorer","level":"info","message":"Mapped {/api/payments/:id, GET} route","timestamp":"2025-08-09T09:18:21.694Z"}
{"context":"RouterExplorer","level":"info","message":"Mapped {/api/payments/:id, PATCH} route","timestamp":"2025-08-09T09:18:21.694Z"}
{"context":"RouterExplorer","level":"info","message":"Mapped {/api/payments/:id, DELETE} route","timestamp":"2025-08-09T09:18:21.694Z"}
{"context":"RoutesResolver","level":"info","message":"ProductsController {/api/products}:","timestamp":"2025-08-09T09:18:21.694Z"}
{"context":"RouterExplorer","level":"info","message":"Mapped {/api/products, POST} route","timestamp":"2025-08-09T09:18:21.694Z"}
{"context":"RouterExplorer","level":"info","message":"Mapped {/api/products, GET} route","timestamp":"2025-08-09T09:18:21.695Z"}
{"context":"RouterExplorer","level":"info","message":"Mapped {/api/products/:id, GET} route","timestamp":"2025-08-09T09:18:21.695Z"}
{"context":"RouterExplorer","level":"info","message":"Mapped {/api/products/:id, PATCH} route","timestamp":"2025-08-09T09:18:21.695Z"}
{"context":"RouterExplorer","level":"info","message":"Mapped {/api/products/:id, DELETE} route","timestamp":"2025-08-09T09:18:21.695Z"}
{"context":"NestApplication","level":"info","message":"Nest application successfully started","timestamp":"2025-08-09T09:18:21.695Z"}
{"level":"info","message":"🚀 Server is running on: http://localhost:8000/api","timestamp":"2025-08-09T09:18:21.696Z"}
{"level":"info","message":"📘 Swagger UI: http://localhost:8000/api/docs","timestamp":"2025-08-09T09:18:21.696Z"}
