{"level":"error","message":"❌ Failed to start application","stack":["Error: Cannot determine a GraphQL output type for the \"processAssignment\". Make sure your class is decorated with an appropriate decorator.\n    at OutputTypeFactory.create (/home/vorlun/web/FULLSTACK/ONE_Logistic/node_modules/@nestjs/graphql/dist/schema-builder/factories/output-type.factory.js:19:23)\n    at /home/vorlun/web/FULLSTACK/ONE_Logistic/node_modules/@nestjs/graphql/dist/schema-builder/factories/root-type.factory.js:37:49\n    at Array.forEach (<anonymous>)\n    at RootTypeFactory.generateFields (/home/vorlun/web/FULLSTACK/ONE_Logistic/node_modules/@nestjs/graphql/dist/schema-builder/factories/root-type.factory.js:35:14)\n    at fieldsFactory (/home/vorlun/web/FULLSTACK/ONE_Logistic/node_modules/@nestjs/graphql/dist/schema-builder/factories/root-type.factory.js:19:101)\n    at RootTypeFactory.create (/home/vorlun/web/FULLSTACK/ONE_Logistic/node_modules/@nestjs/graphql/dist/schema-builder/factories/root-type.factory.js:28:21)\n    at MutationTypeFactory.create (/home/vorlun/web/FULLSTACK/ONE_Logistic/node_modules/@nestjs/graphql/dist/schema-builder/factories/mutation-type.factory.js:15:37)\n    at GraphQLSchemaFactory.create (/home/vorlun/web/FULLSTACK/ONE_Logistic/node_modules/@nestjs/graphql/dist/schema-builder/graphql-schema.factory.js:39:48)\n    at GraphQLSchemaBuilder.generateSchema (/home/vorlun/web/FULLSTACK/ONE_Logistic/node_modules/@nestjs/graphql/dist/graphql-schema.builder.js:38:52)\n    at GraphQLSchemaBuilder.build (/home/vorlun/web/FULLSTACK/ONE_Logistic/node_modules/@nestjs/graphql/dist/graphql-schema.builder.js:22:31)"],"timestamp":"2025-08-06T14:14:50.320Z"}
{"level":"error","message":"❌ Failed to start application","stack":["Error: Cannot determine a GraphQL output type for the \"processAssignment\". Make sure your class is decorated with an appropriate decorator.\n    at OutputTypeFactory.create (/home/vorlun/web/FULLSTACK/ONE_Logistic/node_modules/@nestjs/graphql/dist/schema-builder/factories/output-type.factory.js:19:23)\n    at /home/vorlun/web/FULLSTACK/ONE_Logistic/node_modules/@nestjs/graphql/dist/schema-builder/factories/root-type.factory.js:37:49\n    at Array.forEach (<anonymous>)\n    at RootTypeFactory.generateFields (/home/vorlun/web/FULLSTACK/ONE_Logistic/node_modules/@nestjs/graphql/dist/schema-builder/factories/root-type.factory.js:35:14)\n    at fieldsFactory (/home/vorlun/web/FULLSTACK/ONE_Logistic/node_modules/@nestjs/graphql/dist/schema-builder/factories/root-type.factory.js:19:101)\n    at RootTypeFactory.create (/home/vorlun/web/FULLSTACK/ONE_Logistic/node_modules/@nestjs/graphql/dist/schema-builder/factories/root-type.factory.js:28:21)\n    at MutationTypeFactory.create (/home/vorlun/web/FULLSTACK/ONE_Logistic/node_modules/@nestjs/graphql/dist/schema-builder/factories/mutation-type.factory.js:15:37)\n    at GraphQLSchemaFactory.create (/home/vorlun/web/FULLSTACK/ONE_Logistic/node_modules/@nestjs/graphql/dist/schema-builder/graphql-schema.factory.js:39:48)\n    at GraphQLSchemaBuilder.generateSchema (/home/vorlun/web/FULLSTACK/ONE_Logistic/node_modules/@nestjs/graphql/dist/graphql-schema.builder.js:38:52)\n    at GraphQLSchemaBuilder.build (/home/vorlun/web/FULLSTACK/ONE_Logistic/node_modules/@nestjs/graphql/dist/graphql-schema.builder.js:22:31)"],"timestamp":"2025-08-06T14:22:33.085Z"}
{"level":"error","message":"❌ Failed to start application","stack":["Error: Cannot determine a GraphQL output type for the \"calculateOrderTotals\". Make sure your class is decorated with an appropriate decorator.\n    at OutputTypeFactory.create (/home/vorlun/web/FULLSTACK/ONE_Logistic/node_modules/@nestjs/graphql/dist/schema-builder/factories/output-type.factory.js:19:23)\n    at /home/vorlun/web/FULLSTACK/ONE_Logistic/node_modules/@nestjs/graphql/dist/schema-builder/factories/root-type.factory.js:37:49\n    at Array.forEach (<anonymous>)\n    at RootTypeFactory.generateFields (/home/vorlun/web/FULLSTACK/ONE_Logistic/node_modules/@nestjs/graphql/dist/schema-builder/factories/root-type.factory.js:35:14)\n    at fieldsFactory (/home/vorlun/web/FULLSTACK/ONE_Logistic/node_modules/@nestjs/graphql/dist/schema-builder/factories/root-type.factory.js:19:101)\n    at RootTypeFactory.create (/home/vorlun/web/FULLSTACK/ONE_Logistic/node_modules/@nestjs/graphql/dist/schema-builder/factories/root-type.factory.js:28:21)\n    at QueryTypeFactory.create (/home/vorlun/web/FULLSTACK/ONE_Logistic/node_modules/@nestjs/graphql/dist/schema-builder/factories/query-type.factory.js:15:37)\n    at GraphQLSchemaFactory.create (/home/vorlun/web/FULLSTACK/ONE_Logistic/node_modules/@nestjs/graphql/dist/schema-builder/graphql-schema.factory.js:40:42)\n    at GraphQLSchemaBuilder.generateSchema (/home/vorlun/web/FULLSTACK/ONE_Logistic/node_modules/@nestjs/graphql/dist/graphql-schema.builder.js:38:52)\n    at GraphQLSchemaBuilder.build (/home/vorlun/web/FULLSTACK/ONE_Logistic/node_modules/@nestjs/graphql/dist/graphql-schema.builder.js:22:31)"],"timestamp":"2025-08-06T14:27:38.559Z"}
{"level":"error","message":"❌ Failed to start application","stack":["Error: Cannot determine a GraphQL output type for the \"calculateOrderTotals\". Make sure your class is decorated with an appropriate decorator.\n    at OutputTypeFactory.create (/home/vorlun/web/FULLSTACK/ONE_Logistic/node_modules/@nestjs/graphql/dist/schema-builder/factories/output-type.factory.js:19:23)\n    at /home/vorlun/web/FULLSTACK/ONE_Logistic/node_modules/@nestjs/graphql/dist/schema-builder/factories/root-type.factory.js:37:49\n    at Array.forEach (<anonymous>)\n    at RootTypeFactory.generateFields (/home/vorlun/web/FULLSTACK/ONE_Logistic/node_modules/@nestjs/graphql/dist/schema-builder/factories/root-type.factory.js:35:14)\n    at fieldsFactory (/home/vorlun/web/FULLSTACK/ONE_Logistic/node_modules/@nestjs/graphql/dist/schema-builder/factories/root-type.factory.js:19:101)\n    at RootTypeFactory.create (/home/vorlun/web/FULLSTACK/ONE_Logistic/node_modules/@nestjs/graphql/dist/schema-builder/factories/root-type.factory.js:28:21)\n    at QueryTypeFactory.create (/home/vorlun/web/FULLSTACK/ONE_Logistic/node_modules/@nestjs/graphql/dist/schema-builder/factories/query-type.factory.js:15:37)\n    at GraphQLSchemaFactory.create (/home/vorlun/web/FULLSTACK/ONE_Logistic/node_modules/@nestjs/graphql/dist/schema-builder/graphql-schema.factory.js:40:42)\n    at GraphQLSchemaBuilder.generateSchema (/home/vorlun/web/FULLSTACK/ONE_Logistic/node_modules/@nestjs/graphql/dist/graphql-schema.builder.js:38:52)\n    at GraphQLSchemaBuilder.build (/home/vorlun/web/FULLSTACK/ONE_Logistic/node_modules/@nestjs/graphql/dist/graphql-schema.builder.js:22:31)"],"timestamp":"2025-08-06T14:30:11.472Z"}
{"level":"error","message":"❌ Failed to start application","stack":["Error: Cannot determine a GraphQL output type for the \"calculateOrderTotals\". Make sure your class is decorated with an appropriate decorator.\n    at OutputTypeFactory.create (/home/vorlun/web/FULLSTACK/ONE_Logistic/node_modules/@nestjs/graphql/dist/schema-builder/factories/output-type.factory.js:19:23)\n    at /home/vorlun/web/FULLSTACK/ONE_Logistic/node_modules/@nestjs/graphql/dist/schema-builder/factories/root-type.factory.js:37:49\n    at Array.forEach (<anonymous>)\n    at RootTypeFactory.generateFields (/home/vorlun/web/FULLSTACK/ONE_Logistic/node_modules/@nestjs/graphql/dist/schema-builder/factories/root-type.factory.js:35:14)\n    at fieldsFactory (/home/vorlun/web/FULLSTACK/ONE_Logistic/node_modules/@nestjs/graphql/dist/schema-builder/factories/root-type.factory.js:19:101)\n    at RootTypeFactory.create (/home/vorlun/web/FULLSTACK/ONE_Logistic/node_modules/@nestjs/graphql/dist/schema-builder/factories/root-type.factory.js:28:21)\n    at QueryTypeFactory.create (/home/vorlun/web/FULLSTACK/ONE_Logistic/node_modules/@nestjs/graphql/dist/schema-builder/factories/query-type.factory.js:15:37)\n    at GraphQLSchemaFactory.create (/home/vorlun/web/FULLSTACK/ONE_Logistic/node_modules/@nestjs/graphql/dist/schema-builder/graphql-schema.factory.js:40:42)\n    at GraphQLSchemaBuilder.generateSchema (/home/vorlun/web/FULLSTACK/ONE_Logistic/node_modules/@nestjs/graphql/dist/graphql-schema.builder.js:38:52)\n    at GraphQLSchemaBuilder.build (/home/vorlun/web/FULLSTACK/ONE_Logistic/node_modules/@nestjs/graphql/dist/graphql-schema.builder.js:22:31)"],"timestamp":"2025-08-06T14:30:17.708Z"}
{"level":"error","message":"❌ Failed to start application","stack":["Error: Cannot determine a GraphQL output type for the \"calculateOrderTotals\". Make sure your class is decorated with an appropriate decorator.\n    at OutputTypeFactory.create (/home/vorlun/web/FULLSTACK/ONE_Logistic/node_modules/@nestjs/graphql/dist/schema-builder/factories/output-type.factory.js:19:23)\n    at /home/vorlun/web/FULLSTACK/ONE_Logistic/node_modules/@nestjs/graphql/dist/schema-builder/factories/root-type.factory.js:37:49\n    at Array.forEach (<anonymous>)\n    at RootTypeFactory.generateFields (/home/vorlun/web/FULLSTACK/ONE_Logistic/node_modules/@nestjs/graphql/dist/schema-builder/factories/root-type.factory.js:35:14)\n    at fieldsFactory (/home/vorlun/web/FULLSTACK/ONE_Logistic/node_modules/@nestjs/graphql/dist/schema-builder/factories/root-type.factory.js:19:101)\n    at RootTypeFactory.create (/home/vorlun/web/FULLSTACK/ONE_Logistic/node_modules/@nestjs/graphql/dist/schema-builder/factories/root-type.factory.js:28:21)\n    at QueryTypeFactory.create (/home/vorlun/web/FULLSTACK/ONE_Logistic/node_modules/@nestjs/graphql/dist/schema-builder/factories/query-type.factory.js:15:37)\n    at GraphQLSchemaFactory.create (/home/vorlun/web/FULLSTACK/ONE_Logistic/node_modules/@nestjs/graphql/dist/schema-builder/graphql-schema.factory.js:40:42)\n    at GraphQLSchemaBuilder.generateSchema (/home/vorlun/web/FULLSTACK/ONE_Logistic/node_modules/@nestjs/graphql/dist/graphql-schema.builder.js:38:52)\n    at GraphQLSchemaBuilder.build (/home/vorlun/web/FULLSTACK/ONE_Logistic/node_modules/@nestjs/graphql/dist/graphql-schema.builder.js:22:31)"],"timestamp":"2025-08-06T14:30:19.755Z"}
{"level":"error","message":"❌ Failed to start application","stack":["Error: Cannot determine a GraphQL output type for the \"calculateOrderTotals\". Make sure your class is decorated with an appropriate decorator.\n    at OutputTypeFactory.create (/home/vorlun/web/FULLSTACK/ONE_Logistic/node_modules/@nestjs/graphql/dist/schema-builder/factories/output-type.factory.js:19:23)\n    at /home/vorlun/web/FULLSTACK/ONE_Logistic/node_modules/@nestjs/graphql/dist/schema-builder/factories/root-type.factory.js:37:49\n    at Array.forEach (<anonymous>)\n    at RootTypeFactory.generateFields (/home/vorlun/web/FULLSTACK/ONE_Logistic/node_modules/@nestjs/graphql/dist/schema-builder/factories/root-type.factory.js:35:14)\n    at fieldsFactory (/home/vorlun/web/FULLSTACK/ONE_Logistic/node_modules/@nestjs/graphql/dist/schema-builder/factories/root-type.factory.js:19:101)\n    at RootTypeFactory.create (/home/vorlun/web/FULLSTACK/ONE_Logistic/node_modules/@nestjs/graphql/dist/schema-builder/factories/root-type.factory.js:28:21)\n    at QueryTypeFactory.create (/home/vorlun/web/FULLSTACK/ONE_Logistic/node_modules/@nestjs/graphql/dist/schema-builder/factories/query-type.factory.js:15:37)\n    at GraphQLSchemaFactory.create (/home/vorlun/web/FULLSTACK/ONE_Logistic/node_modules/@nestjs/graphql/dist/schema-builder/graphql-schema.factory.js:40:42)\n    at GraphQLSchemaBuilder.generateSchema (/home/vorlun/web/FULLSTACK/ONE_Logistic/node_modules/@nestjs/graphql/dist/graphql-schema.builder.js:38:52)\n    at GraphQLSchemaBuilder.build (/home/vorlun/web/FULLSTACK/ONE_Logistic/node_modules/@nestjs/graphql/dist/graphql-schema.builder.js:22:31)"],"timestamp":"2025-08-06T14:33:01.410Z"}
{"level":"error","message":"❌ Failed to start application","stack":["Error: Cannot determine a GraphQL output type for the \"calculateOrderTotals\". Make sure your class is decorated with an appropriate decorator.\n    at OutputTypeFactory.create (/home/vorlun/web/FULLSTACK/ONE_Logistic/node_modules/@nestjs/graphql/dist/schema-builder/factories/output-type.factory.js:19:23)\n    at /home/vorlun/web/FULLSTACK/ONE_Logistic/node_modules/@nestjs/graphql/dist/schema-builder/factories/root-type.factory.js:37:49\n    at Array.forEach (<anonymous>)\n    at RootTypeFactory.generateFields (/home/vorlun/web/FULLSTACK/ONE_Logistic/node_modules/@nestjs/graphql/dist/schema-builder/factories/root-type.factory.js:35:14)\n    at fieldsFactory (/home/vorlun/web/FULLSTACK/ONE_Logistic/node_modules/@nestjs/graphql/dist/schema-builder/factories/root-type.factory.js:19:101)\n    at RootTypeFactory.create (/home/vorlun/web/FULLSTACK/ONE_Logistic/node_modules/@nestjs/graphql/dist/schema-builder/factories/root-type.factory.js:28:21)\n    at QueryTypeFactory.create (/home/vorlun/web/FULLSTACK/ONE_Logistic/node_modules/@nestjs/graphql/dist/schema-builder/factories/query-type.factory.js:15:37)\n    at GraphQLSchemaFactory.create (/home/vorlun/web/FULLSTACK/ONE_Logistic/node_modules/@nestjs/graphql/dist/schema-builder/graphql-schema.factory.js:40:42)\n    at GraphQLSchemaBuilder.generateSchema (/home/vorlun/web/FULLSTACK/ONE_Logistic/node_modules/@nestjs/graphql/dist/graphql-schema.builder.js:38:52)\n    at GraphQLSchemaBuilder.build (/home/vorlun/web/FULLSTACK/ONE_Logistic/node_modules/@nestjs/graphql/dist/graphql-schema.builder.js:22:31)"],"timestamp":"2025-08-06T14:33:39.005Z"}
{"level":"error","message":"❌ Failed to start application","stack":["Error: Cannot determine a GraphQL output type for the \"calculateOrderTotals\". Make sure your class is decorated with an appropriate decorator.\n    at OutputTypeFactory.create (/home/vorlun/web/FULLSTACK/ONE_Logistic/node_modules/@nestjs/graphql/dist/schema-builder/factories/output-type.factory.js:19:23)\n    at /home/vorlun/web/FULLSTACK/ONE_Logistic/node_modules/@nestjs/graphql/dist/schema-builder/factories/root-type.factory.js:37:49\n    at Array.forEach (<anonymous>)\n    at RootTypeFactory.generateFields (/home/vorlun/web/FULLSTACK/ONE_Logistic/node_modules/@nestjs/graphql/dist/schema-builder/factories/root-type.factory.js:35:14)\n    at fieldsFactory (/home/vorlun/web/FULLSTACK/ONE_Logistic/node_modules/@nestjs/graphql/dist/schema-builder/factories/root-type.factory.js:19:101)\n    at RootTypeFactory.create (/home/vorlun/web/FULLSTACK/ONE_Logistic/node_modules/@nestjs/graphql/dist/schema-builder/factories/root-type.factory.js:28:21)\n    at QueryTypeFactory.create (/home/vorlun/web/FULLSTACK/ONE_Logistic/node_modules/@nestjs/graphql/dist/schema-builder/factories/query-type.factory.js:15:37)\n    at GraphQLSchemaFactory.create (/home/vorlun/web/FULLSTACK/ONE_Logistic/node_modules/@nestjs/graphql/dist/schema-builder/graphql-schema.factory.js:40:42)\n    at GraphQLSchemaBuilder.generateSchema (/home/vorlun/web/FULLSTACK/ONE_Logistic/node_modules/@nestjs/graphql/dist/graphql-schema.builder.js:38:52)\n    at GraphQLSchemaBuilder.build (/home/vorlun/web/FULLSTACK/ONE_Logistic/node_modules/@nestjs/graphql/dist/graphql-schema.builder.js:22:31)"],"timestamp":"2025-08-06T14:41:51.510Z"}
{"level":"error","message":"❌ Failed to start application","stack":["Error: Cannot determine a GraphQL output type for the \"calculateOrderTotals\". Make sure your class is decorated with an appropriate decorator.\n    at OutputTypeFactory.create (/home/vorlun/web/FULLSTACK/ONE_Logistic/node_modules/@nestjs/graphql/dist/schema-builder/factories/output-type.factory.js:19:23)\n    at /home/vorlun/web/FULLSTACK/ONE_Logistic/node_modules/@nestjs/graphql/dist/schema-builder/factories/root-type.factory.js:37:49\n    at Array.forEach (<anonymous>)\n    at RootTypeFactory.generateFields (/home/vorlun/web/FULLSTACK/ONE_Logistic/node_modules/@nestjs/graphql/dist/schema-builder/factories/root-type.factory.js:35:14)\n    at fieldsFactory (/home/vorlun/web/FULLSTACK/ONE_Logistic/node_modules/@nestjs/graphql/dist/schema-builder/factories/root-type.factory.js:19:101)\n    at RootTypeFactory.create (/home/vorlun/web/FULLSTACK/ONE_Logistic/node_modules/@nestjs/graphql/dist/schema-builder/factories/root-type.factory.js:28:21)\n    at QueryTypeFactory.create (/home/vorlun/web/FULLSTACK/ONE_Logistic/node_modules/@nestjs/graphql/dist/schema-builder/factories/query-type.factory.js:15:37)\n    at GraphQLSchemaFactory.create (/home/vorlun/web/FULLSTACK/ONE_Logistic/node_modules/@nestjs/graphql/dist/schema-builder/graphql-schema.factory.js:40:42)\n    at GraphQLSchemaBuilder.generateSchema (/home/vorlun/web/FULLSTACK/ONE_Logistic/node_modules/@nestjs/graphql/dist/graphql-schema.builder.js:38:52)\n    at GraphQLSchemaBuilder.build (/home/vorlun/web/FULLSTACK/ONE_Logistic/node_modules/@nestjs/graphql/dist/graphql-schema.builder.js:22:31)"],"timestamp":"2025-08-06T14:55:37.270Z"}
{"level":"error","message":"❌ Failed to start application","stack":["Error: Cannot determine a GraphQL output type for the \"calculateOrderTotals\". Make sure your class is decorated with an appropriate decorator.\n    at OutputTypeFactory.create (/home/vorlun/web/FULLSTACK/ONE_Logistic/node_modules/@nestjs/graphql/dist/schema-builder/factories/output-type.factory.js:19:23)\n    at /home/vorlun/web/FULLSTACK/ONE_Logistic/node_modules/@nestjs/graphql/dist/schema-builder/factories/root-type.factory.js:37:49\n    at Array.forEach (<anonymous>)\n    at RootTypeFactory.generateFields (/home/vorlun/web/FULLSTACK/ONE_Logistic/node_modules/@nestjs/graphql/dist/schema-builder/factories/root-type.factory.js:35:14)\n    at fieldsFactory (/home/vorlun/web/FULLSTACK/ONE_Logistic/node_modules/@nestjs/graphql/dist/schema-builder/factories/root-type.factory.js:19:101)\n    at RootTypeFactory.create (/home/vorlun/web/FULLSTACK/ONE_Logistic/node_modules/@nestjs/graphql/dist/schema-builder/factories/root-type.factory.js:28:21)\n    at QueryTypeFactory.create (/home/vorlun/web/FULLSTACK/ONE_Logistic/node_modules/@nestjs/graphql/dist/schema-builder/factories/query-type.factory.js:15:37)\n    at GraphQLSchemaFactory.create (/home/vorlun/web/FULLSTACK/ONE_Logistic/node_modules/@nestjs/graphql/dist/schema-builder/graphql-schema.factory.js:40:42)\n    at GraphQLSchemaBuilder.generateSchema (/home/vorlun/web/FULLSTACK/ONE_Logistic/node_modules/@nestjs/graphql/dist/graphql-schema.builder.js:38:52)\n    at GraphQLSchemaBuilder.build (/home/vorlun/web/FULLSTACK/ONE_Logistic/node_modules/@nestjs/graphql/dist/graphql-schema.builder.js:22:31)"],"timestamp":"2025-08-06T15:00:40.603Z"}
{"level":"error","message":"❌ Failed to start application","stack":["Error: Cannot determine a GraphQL output type for the \"calculateOrderTotals\". Make sure your class is decorated with an appropriate decorator.\n    at OutputTypeFactory.create (/home/vorlun/web/FULLSTACK/ONE_Logistic/node_modules/@nestjs/graphql/dist/schema-builder/factories/output-type.factory.js:19:23)\n    at /home/vorlun/web/FULLSTACK/ONE_Logistic/node_modules/@nestjs/graphql/dist/schema-builder/factories/root-type.factory.js:37:49\n    at Array.forEach (<anonymous>)\n    at RootTypeFactory.generateFields (/home/vorlun/web/FULLSTACK/ONE_Logistic/node_modules/@nestjs/graphql/dist/schema-builder/factories/root-type.factory.js:35:14)\n    at fieldsFactory (/home/vorlun/web/FULLSTACK/ONE_Logistic/node_modules/@nestjs/graphql/dist/schema-builder/factories/root-type.factory.js:19:101)\n    at RootTypeFactory.create (/home/vorlun/web/FULLSTACK/ONE_Logistic/node_modules/@nestjs/graphql/dist/schema-builder/factories/root-type.factory.js:28:21)\n    at QueryTypeFactory.create (/home/vorlun/web/FULLSTACK/ONE_Logistic/node_modules/@nestjs/graphql/dist/schema-builder/factories/query-type.factory.js:15:37)\n    at GraphQLSchemaFactory.create (/home/vorlun/web/FULLSTACK/ONE_Logistic/node_modules/@nestjs/graphql/dist/schema-builder/graphql-schema.factory.js:40:42)\n    at GraphQLSchemaBuilder.generateSchema (/home/vorlun/web/FULLSTACK/ONE_Logistic/node_modules/@nestjs/graphql/dist/graphql-schema.builder.js:38:52)\n    at GraphQLSchemaBuilder.build (/home/vorlun/web/FULLSTACK/ONE_Logistic/node_modules/@nestjs/graphql/dist/graphql-schema.builder.js:22:31)"],"timestamp":"2025-08-06T15:00:59.953Z"}
{"level":"error","message":"❌ Failed to start application","stack":["Error: Cannot determine a GraphQL output type for the \"calculateOrderTotals\". Make sure your class is decorated with an appropriate decorator.\n    at OutputTypeFactory.create (/home/vorlun/web/FULLSTACK/ONE_Logistic/node_modules/@nestjs/graphql/dist/schema-builder/factories/output-type.factory.js:19:23)\n    at /home/vorlun/web/FULLSTACK/ONE_Logistic/node_modules/@nestjs/graphql/dist/schema-builder/factories/root-type.factory.js:37:49\n    at Array.forEach (<anonymous>)\n    at RootTypeFactory.generateFields (/home/vorlun/web/FULLSTACK/ONE_Logistic/node_modules/@nestjs/graphql/dist/schema-builder/factories/root-type.factory.js:35:14)\n    at fieldsFactory (/home/vorlun/web/FULLSTACK/ONE_Logistic/node_modules/@nestjs/graphql/dist/schema-builder/factories/root-type.factory.js:19:101)\n    at RootTypeFactory.create (/home/vorlun/web/FULLSTACK/ONE_Logistic/node_modules/@nestjs/graphql/dist/schema-builder/factories/root-type.factory.js:28:21)\n    at QueryTypeFactory.create (/home/vorlun/web/FULLSTACK/ONE_Logistic/node_modules/@nestjs/graphql/dist/schema-builder/factories/query-type.factory.js:15:37)\n    at GraphQLSchemaFactory.create (/home/vorlun/web/FULLSTACK/ONE_Logistic/node_modules/@nestjs/graphql/dist/schema-builder/graphql-schema.factory.js:40:42)\n    at GraphQLSchemaBuilder.generateSchema (/home/vorlun/web/FULLSTACK/ONE_Logistic/node_modules/@nestjs/graphql/dist/graphql-schema.builder.js:38:52)\n    at GraphQLSchemaBuilder.build (/home/vorlun/web/FULLSTACK/ONE_Logistic/node_modules/@nestjs/graphql/dist/graphql-schema.builder.js:22:31)"],"timestamp":"2025-08-06T15:01:06.949Z"}
{"level":"error","message":"❌ Failed to start application","stack":["Error: Cannot determine a GraphQL output type for the \"calculateOrderTotals\". Make sure your class is decorated with an appropriate decorator.\n    at OutputTypeFactory.create (/home/vorlun/web/FULLSTACK/ONE_Logistic/node_modules/@nestjs/graphql/dist/schema-builder/factories/output-type.factory.js:19:23)\n    at /home/vorlun/web/FULLSTACK/ONE_Logistic/node_modules/@nestjs/graphql/dist/schema-builder/factories/root-type.factory.js:37:49\n    at Array.forEach (<anonymous>)\n    at RootTypeFactory.generateFields (/home/vorlun/web/FULLSTACK/ONE_Logistic/node_modules/@nestjs/graphql/dist/schema-builder/factories/root-type.factory.js:35:14)\n    at fieldsFactory (/home/vorlun/web/FULLSTACK/ONE_Logistic/node_modules/@nestjs/graphql/dist/schema-builder/factories/root-type.factory.js:19:101)\n    at RootTypeFactory.create (/home/vorlun/web/FULLSTACK/ONE_Logistic/node_modules/@nestjs/graphql/dist/schema-builder/factories/root-type.factory.js:28:21)\n    at QueryTypeFactory.create (/home/vorlun/web/FULLSTACK/ONE_Logistic/node_modules/@nestjs/graphql/dist/schema-builder/factories/query-type.factory.js:15:37)\n    at GraphQLSchemaFactory.create (/home/vorlun/web/FULLSTACK/ONE_Logistic/node_modules/@nestjs/graphql/dist/schema-builder/graphql-schema.factory.js:40:42)\n    at GraphQLSchemaBuilder.generateSchema (/home/vorlun/web/FULLSTACK/ONE_Logistic/node_modules/@nestjs/graphql/dist/graphql-schema.builder.js:38:52)\n    at GraphQLSchemaBuilder.build (/home/vorlun/web/FULLSTACK/ONE_Logistic/node_modules/@nestjs/graphql/dist/graphql-schema.builder.js:22:31)"],"timestamp":"2025-08-06T15:01:46.663Z"}
{"context":"NestFactory","level":"info","message":"Starting Nest application...","timestamp":"2025-08-06T15:02:00.107Z"}
{"context":"InstanceLoader","level":"info","message":"AppModule dependencies initialized","timestamp":"2025-08-06T15:02:00.108Z"}
{"context":"InstanceLoader","level":"info","message":"TypeOrmModule dependencies initialized","timestamp":"2025-08-06T15:02:00.109Z"}
{"context":"InstanceLoader","level":"info","message":"LoggerModule dependencies initialized","timestamp":"2025-08-06T15:02:00.109Z"}
{"context":"InstanceLoader","level":"info","message":"ConfigHostModule dependencies initialized","timestamp":"2025-08-06T15:02:00.109Z"}
{"context":"InstanceLoader","level":"info","message":"WinstonModule dependencies initialized","timestamp":"2025-08-06T15:02:00.109Z"}
{"context":"InstanceLoader","level":"info","message":"ConfigModule dependencies initialized","timestamp":"2025-08-06T15:02:00.110Z"}
{"context":"InstanceLoader","level":"info","message":"GraphQLSchemaBuilderModule dependencies initialized","timestamp":"2025-08-06T15:02:00.110Z"}
{"context":"InstanceLoader","level":"info","message":"GraphQLModule dependencies initialized","timestamp":"2025-08-06T15:02:00.110Z"}
{"context":"InstanceLoader","level":"info","message":"TypeOrmCoreModule dependencies initialized","timestamp":"2025-08-06T15:02:00.111Z"}
{"context":"InstanceLoader","level":"info","message":"TypeOrmModule dependencies initialized","timestamp":"2025-08-06T15:02:00.111Z"}
{"context":"InstanceLoader","level":"info","message":"TypeOrmModule dependencies initialized","timestamp":"2025-08-06T15:02:00.111Z"}
{"context":"InstanceLoader","level":"info","message":"TypeOrmModule dependencies initialized","timestamp":"2025-08-06T15:02:00.111Z"}
{"context":"InstanceLoader","level":"info","message":"TypeOrmModule dependencies initialized","timestamp":"2025-08-06T15:02:00.111Z"}
{"context":"InstanceLoader","level":"info","message":"TypeOrmModule dependencies initialized","timestamp":"2025-08-06T15:02:00.111Z"}
{"context":"InstanceLoader","level":"info","message":"TypeOrmModule dependencies initialized","timestamp":"2025-08-06T15:02:00.111Z"}
{"context":"InstanceLoader","level":"info","message":"TypeOrmModule dependencies initialized","timestamp":"2025-08-06T15:02:00.111Z"}
{"context":"InstanceLoader","level":"info","message":"TypeOrmModule dependencies initialized","timestamp":"2025-08-06T15:02:00.111Z"}
{"context":"InstanceLoader","level":"info","message":"TypeOrmModule dependencies initialized","timestamp":"2025-08-06T15:02:00.111Z"}
{"context":"InstanceLoader","level":"info","message":"TypeOrmModule dependencies initialized","timestamp":"2025-08-06T15:02:00.112Z"}
{"context":"InstanceLoader","level":"info","message":"TypeOrmModule dependencies initialized","timestamp":"2025-08-06T15:02:00.112Z"}
{"context":"InstanceLoader","level":"info","message":"TypeOrmModule dependencies initialized","timestamp":"2025-08-06T15:02:00.112Z"}
{"context":"InstanceLoader","level":"info","message":"TypeOrmModule dependencies initialized","timestamp":"2025-08-06T15:02:00.112Z"}
{"context":"InstanceLoader","level":"info","message":"TypeOrmModule dependencies initialized","timestamp":"2025-08-06T15:02:00.112Z"}
{"context":"InstanceLoader","level":"info","message":"EmployeeModule dependencies initialized","timestamp":"2025-08-06T15:02:00.112Z"}
{"context":"InstanceLoader","level":"info","message":"OrderModule dependencies initialized","timestamp":"2025-08-06T15:02:00.112Z"}
{"context":"InstanceLoader","level":"info","message":"PaymentModule dependencies initialized","timestamp":"2025-08-06T15:02:00.113Z"}
{"context":"InstanceLoader","level":"info","message":"AddressModule dependencies initialized","timestamp":"2025-08-06T15:02:00.113Z"}
{"context":"InstanceLoader","level":"info","message":"UsersModule dependencies initialized","timestamp":"2025-08-06T15:02:00.113Z"}
{"context":"InstanceLoader","level":"info","message":"RolesModule dependencies initialized","timestamp":"2025-08-06T15:02:00.113Z"}
{"context":"InstanceLoader","level":"info","message":"CountryModule dependencies initialized","timestamp":"2025-08-06T15:02:00.113Z"}
{"context":"InstanceLoader","level":"info","message":"RegionsModule dependencies initialized","timestamp":"2025-08-06T15:02:00.113Z"}
{"context":"InstanceLoader","level":"info","message":"DistrictModule dependencies initialized","timestamp":"2025-08-06T15:02:00.113Z"}
{"context":"InstanceLoader","level":"info","message":"VehiclesModule dependencies initialized","timestamp":"2025-08-06T15:02:00.113Z"}
{"context":"InstanceLoader","level":"info","message":"RoutesModule dependencies initialized","timestamp":"2025-08-06T15:02:00.113Z"}
{"context":"InstanceLoader","level":"info","message":"ProductModule dependencies initialized","timestamp":"2025-08-06T15:02:00.113Z"}
{"context":"InstanceLoader","level":"info","message":"CompanyModule dependencies initialized","timestamp":"2025-08-06T15:02:00.113Z"}
{"context":"InstanceLoader","level":"info","message":"BuildingModule dependencies initialized","timestamp":"2025-08-06T15:02:00.114Z"}
{"context":"RoutesResolver","level":"info","message":"UsersController {/api/users}:","timestamp":"2025-08-06T15:02:00.114Z"}
{"context":"RouterExplorer","level":"info","message":"Mapped {/api/users, GET} route","timestamp":"2025-08-06T15:02:00.114Z"}
{"context":"RouterExplorer","level":"info","message":"Mapped {/api/users/:id, GET} route","timestamp":"2025-08-06T15:02:00.114Z"}
{"context":"RouterExplorer","level":"info","message":"Mapped {/api/users/:id, PUT} route","timestamp":"2025-08-06T15:02:00.114Z"}
{"context":"RouterExplorer","level":"info","message":"Mapped {/api/users/:id, DELETE} route","timestamp":"2025-08-06T15:02:00.114Z"}
{"context":"RoutesResolver","level":"info","message":"RolesController {/api/roles}:","timestamp":"2025-08-06T15:02:00.114Z"}
{"context":"RouterExplorer","level":"info","message":"Mapped {/api/roles, POST} route","timestamp":"2025-08-06T15:02:00.114Z"}
{"context":"RouterExplorer","level":"info","message":"Mapped {/api/roles, GET} route","timestamp":"2025-08-06T15:02:00.114Z"}
{"context":"RouterExplorer","level":"info","message":"Mapped {/api/roles/:id, GET} route","timestamp":"2025-08-06T15:02:00.114Z"}
{"context":"RouterExplorer","level":"info","message":"Mapped {/api/roles/:id, PATCH} route","timestamp":"2025-08-06T15:02:00.114Z"}
{"context":"RouterExplorer","level":"info","message":"Mapped {/api/roles/:id, DELETE} route","timestamp":"2025-08-06T15:02:00.114Z"}
{"context":"RoutesResolver","level":"info","message":"CountryController {/api/countries}:","timestamp":"2025-08-06T15:02:00.115Z"}
{"context":"RouterExplorer","level":"info","message":"Mapped {/api/countries, POST} route","timestamp":"2025-08-06T15:02:00.115Z"}
{"context":"RouterExplorer","level":"info","message":"Mapped {/api/countries, GET} route","timestamp":"2025-08-06T15:02:00.115Z"}
{"context":"RouterExplorer","level":"info","message":"Mapped {/api/countries/:id, GET} route","timestamp":"2025-08-06T15:02:00.115Z"}
{"context":"RouterExplorer","level":"info","message":"Mapped {/api/countries, PATCH} route","timestamp":"2025-08-06T15:02:00.115Z"}
{"context":"RouterExplorer","level":"info","message":"Mapped {/api/countries/:id, DELETE} route","timestamp":"2025-08-06T15:02:00.115Z"}
{"context":"RoutesResolver","level":"info","message":"RegionsController {/api/regions}:","timestamp":"2025-08-06T15:02:00.115Z"}
{"context":"RouterExplorer","level":"info","message":"Mapped {/api/regions, POST} route","timestamp":"2025-08-06T15:02:00.115Z"}
{"context":"RouterExplorer","level":"info","message":"Mapped {/api/regions, GET} route","timestamp":"2025-08-06T15:02:00.115Z"}
{"context":"RouterExplorer","level":"info","message":"Mapped {/api/regions/:id, GET} route","timestamp":"2025-08-06T15:02:00.115Z"}
{"context":"RouterExplorer","level":"info","message":"Mapped {/api/regions/:id, PATCH} route","timestamp":"2025-08-06T15:02:00.115Z"}
{"context":"RouterExplorer","level":"info","message":"Mapped {/api/regions/:id, DELETE} route","timestamp":"2025-08-06T15:02:00.116Z"}
{"context":"RoutesResolver","level":"info","message":"DistrictController {/api/districts}:","timestamp":"2025-08-06T15:02:00.116Z"}
{"context":"RouterExplorer","level":"info","message":"Mapped {/api/districts, POST} route","timestamp":"2025-08-06T15:02:00.116Z"}
{"context":"RouterExplorer","level":"info","message":"Mapped {/api/districts, GET} route","timestamp":"2025-08-06T15:02:00.116Z"}
{"context":"RouterExplorer","level":"info","message":"Mapped {/api/districts/:id, GET} route","timestamp":"2025-08-06T15:02:00.116Z"}
{"context":"RouterExplorer","level":"info","message":"Mapped {/api/districts, PATCH} route","timestamp":"2025-08-06T15:02:00.116Z"}
{"context":"RouterExplorer","level":"info","message":"Mapped {/api/districts/:id, DELETE} route","timestamp":"2025-08-06T15:02:00.116Z"}
{"context":"RoutesResolver","level":"info","message":"EmployeeController {/api/employees}:","timestamp":"2025-08-06T15:02:00.116Z"}
{"context":"RouterExplorer","level":"info","message":"Mapped {/api/employees, POST} route","timestamp":"2025-08-06T15:02:00.116Z"}
{"context":"RouterExplorer","level":"info","message":"Mapped {/api/employees, GET} route","timestamp":"2025-08-06T15:02:00.116Z"}
{"context":"RouterExplorer","level":"info","message":"Mapped {/api/employees/:id, GET} route","timestamp":"2025-08-06T15:02:00.116Z"}
{"context":"RouterExplorer","level":"info","message":"Mapped {/api/employees, PATCH} route","timestamp":"2025-08-06T15:02:00.116Z"}
{"context":"RouterExplorer","level":"info","message":"Mapped {/api/employees/:id, DELETE} route","timestamp":"2025-08-06T15:02:00.117Z"}
{"context":"RoutesResolver","level":"info","message":"VehiclesController {/api/vehicles}:","timestamp":"2025-08-06T15:02:00.117Z"}
{"context":"RouterExplorer","level":"info","message":"Mapped {/api/vehicles, POST} route","timestamp":"2025-08-06T15:02:00.117Z"}
{"context":"RouterExplorer","level":"info","message":"Mapped {/api/vehicles, GET} route","timestamp":"2025-08-06T15:02:00.117Z"}
{"context":"RouterExplorer","level":"info","message":"Mapped {/api/vehicles/:id, GET} route","timestamp":"2025-08-06T15:02:00.117Z"}
{"context":"RouterExplorer","level":"info","message":"Mapped {/api/vehicles/:id, PATCH} route","timestamp":"2025-08-06T15:02:00.117Z"}
{"context":"RouterExplorer","level":"info","message":"Mapped {/api/vehicles/:id, DELETE} route","timestamp":"2025-08-06T15:02:00.117Z"}
{"context":"RoutesResolver","level":"info","message":"RoutesController {/api/routes}:","timestamp":"2025-08-06T15:02:00.117Z"}
{"context":"RouterExplorer","level":"info","message":"Mapped {/api/routes, POST} route","timestamp":"2025-08-06T15:02:00.117Z"}
{"context":"RouterExplorer","level":"info","message":"Mapped {/api/routes, GET} route","timestamp":"2025-08-06T15:02:00.117Z"}
{"context":"RouterExplorer","level":"info","message":"Mapped {/api/routes/:id, GET} route","timestamp":"2025-08-06T15:02:00.117Z"}
{"context":"RouterExplorer","level":"info","message":"Mapped {/api/routes/:id, PATCH} route","timestamp":"2025-08-06T15:02:00.117Z"}
{"context":"RouterExplorer","level":"info","message":"Mapped {/api/routes/:id, DELETE} route","timestamp":"2025-08-06T15:02:00.118Z"}
{"context":"RoutesResolver","level":"info","message":"OrderController {/api/orders}:","timestamp":"2025-08-06T15:02:00.118Z"}
{"context":"RouterExplorer","level":"info","message":"Mapped {/api/orders, POST} route","timestamp":"2025-08-06T15:02:00.118Z"}
{"context":"RouterExplorer","level":"info","message":"Mapped {/api/orders, GET} route","timestamp":"2025-08-06T15:02:00.118Z"}
{"context":"RouterExplorer","level":"info","message":"Mapped {/api/orders/:id, GET} route","timestamp":"2025-08-06T15:02:00.118Z"}
{"context":"RouterExplorer","level":"info","message":"Mapped {/api/orders/:id, PATCH} route","timestamp":"2025-08-06T15:02:00.118Z"}
{"context":"RouterExplorer","level":"info","message":"Mapped {/api/orders/status/pending, GET} route","timestamp":"2025-08-06T15:02:00.118Z"}
{"context":"RouterExplorer","level":"info","message":"Mapped {/api/orders/assign/:orderId, POST} route","timestamp":"2025-08-06T15:02:00.118Z"}
{"context":"RouterExplorer","level":"info","message":"Mapped {/api/orders/release/:orderId, POST} route","timestamp":"2025-08-06T15:02:00.118Z"}
{"context":"RouterExplorer","level":"info","message":"Mapped {/api/orders/complete/:orderId, POST} route","timestamp":"2025-08-06T15:02:00.118Z"}
{"context":"RouterExplorer","level":"info","message":"Mapped {/api/orders/cancel/:orderId, POST} route","timestamp":"2025-08-06T15:02:00.118Z"}
{"context":"RouterExplorer","level":"info","message":"Mapped {/api/orders/stats, GET} route","timestamp":"2025-08-06T15:02:00.119Z"}
{"context":"RoutesResolver","level":"info","message":"PaymentController {/api/payments}:","timestamp":"2025-08-06T15:02:00.119Z"}
{"context":"RouterExplorer","level":"info","message":"Mapped {/api/payments, POST} route","timestamp":"2025-08-06T15:02:00.119Z"}
{"context":"RouterExplorer","level":"info","message":"Mapped {/api/payments, GET} route","timestamp":"2025-08-06T15:02:00.119Z"}
{"context":"RouterExplorer","level":"info","message":"Mapped {/api/payments/:id, GET} route","timestamp":"2025-08-06T15:02:00.119Z"}
{"context":"RouterExplorer","level":"info","message":"Mapped {/api/payments, PATCH} route","timestamp":"2025-08-06T15:02:00.119Z"}
{"context":"RouterExplorer","level":"info","message":"Mapped {/api/payments/:id, DELETE} route","timestamp":"2025-08-06T15:02:00.119Z"}
{"context":"RoutesResolver","level":"info","message":"ProductController {/api/products}:","timestamp":"2025-08-06T15:02:00.119Z"}
{"context":"RouterExplorer","level":"info","message":"Mapped {/api/products, POST} route","timestamp":"2025-08-06T15:02:00.119Z"}
{"context":"RouterExplorer","level":"info","message":"Mapped {/api/products/bulk, POST} route","timestamp":"2025-08-06T15:02:00.119Z"}
{"context":"RouterExplorer","level":"info","message":"Mapped {/api/products, GET} route","timestamp":"2025-08-06T15:02:00.120Z"}
{"context":"RouterExplorer","level":"info","message":"Mapped {/api/products/:id, GET} route","timestamp":"2025-08-06T15:02:00.120Z"}
{"context":"RouterExplorer","level":"info","message":"Mapped {/api/products/order/:orderId, GET} route","timestamp":"2025-08-06T15:02:00.120Z"}
{"context":"RouterExplorer","level":"info","message":"Mapped {/api/products/:id, PUT} route","timestamp":"2025-08-06T15:02:00.120Z"}
{"context":"RouterExplorer","level":"info","message":"Mapped {/api/products/:id, DELETE} route","timestamp":"2025-08-06T15:02:00.120Z"}
{"context":"RouterExplorer","level":"info","message":"Mapped {/api/products/order/:orderId, DELETE} route","timestamp":"2025-08-06T15:02:00.120Z"}
{"context":"RouterExplorer","level":"info","message":"Mapped {/api/products/order/:orderId/totals, GET} route","timestamp":"2025-08-06T15:02:00.120Z"}
{"context":"RoutesResolver","level":"info","message":"AddressController {/api/addresses}:","timestamp":"2025-08-06T15:02:00.120Z"}
{"context":"RouterExplorer","level":"info","message":"Mapped {/api/addresses, POST} route","timestamp":"2025-08-06T15:02:00.120Z"}
{"context":"RouterExplorer","level":"info","message":"Mapped {/api/addresses, GET} route","timestamp":"2025-08-06T15:02:00.120Z"}
{"context":"RouterExplorer","level":"info","message":"Mapped {/api/addresses/:id, GET} route","timestamp":"2025-08-06T15:02:00.120Z"}
{"context":"RouterExplorer","level":"info","message":"Mapped {/api/addresses/:id, PATCH} route","timestamp":"2025-08-06T15:02:00.121Z"}
{"context":"RouterExplorer","level":"info","message":"Mapped {/api/addresses/:id, DELETE} route","timestamp":"2025-08-06T15:02:00.121Z"}
{"context":"RoutesResolver","level":"info","message":"CompanyController {/api/companies}:","timestamp":"2025-08-06T15:02:00.121Z"}
{"context":"RouterExplorer","level":"info","message":"Mapped {/api/companies, POST} route","timestamp":"2025-08-06T15:02:00.121Z"}
{"context":"RouterExplorer","level":"info","message":"Mapped {/api/companies, GET} route","timestamp":"2025-08-06T15:02:00.121Z"}
{"context":"RouterExplorer","level":"info","message":"Mapped {/api/companies/:id, GET} route","timestamp":"2025-08-06T15:02:00.121Z"}
{"context":"RouterExplorer","level":"info","message":"Mapped {/api/companies, PATCH} route","timestamp":"2025-08-06T15:02:00.121Z"}
{"context":"RouterExplorer","level":"info","message":"Mapped {/api/companies/:id, DELETE} route","timestamp":"2025-08-06T15:02:00.121Z"}
{"context":"RoutesResolver","level":"info","message":"BuildingController {/api/buildings}:","timestamp":"2025-08-06T15:02:00.121Z"}
{"context":"RouterExplorer","level":"info","message":"Mapped {/api/buildings, POST} route","timestamp":"2025-08-06T15:02:00.121Z"}
{"context":"RouterExplorer","level":"info","message":"Mapped {/api/buildings, GET} route","timestamp":"2025-08-06T15:02:00.121Z"}
{"context":"RouterExplorer","level":"info","message":"Mapped {/api/buildings/:id, GET} route","timestamp":"2025-08-06T15:02:00.122Z"}
{"context":"RouterExplorer","level":"info","message":"Mapped {/api/buildings, PATCH} route","timestamp":"2025-08-06T15:02:00.122Z"}
{"context":"RouterExplorer","level":"info","message":"Mapped {/api/buildings/:id, DELETE} route","timestamp":"2025-08-06T15:02:00.122Z"}
{"context":"GraphQLModule","level":"info","message":"Mapped {/graphql, POST} route","timestamp":"2025-08-06T15:02:00.122Z"}
{"context":"NestApplication","level":"info","message":"Nest application successfully started","timestamp":"2025-08-06T15:02:00.122Z"}
{"level":"info","message":"🚀 Server is running on: http://localhost:8000/api","timestamp":"2025-08-06T15:02:00.123Z"}
{"level":"info","message":"📘 Swagger UI: http://localhost:8000/api/docs","timestamp":"2025-08-06T15:02:00.123Z"}
